<?xml version="1.0" encoding="UTF-8"?>
<coverage generated="1626974956696" clover="3.2.0">
  <project timestamp="1626974956696" name="All files">
    <metrics statements="37" coveredstatements="18" conditionals="4" coveredconditionals="0" methods="7" coveredmethods="3" elements="48" coveredelements="21" complexity="0" loc="37" ncloc="37" packages="1" files="2" classes="2"/>
    <file name="addandremove.js" path="/Users/arturoalvarez/Documents/Microverse/Main Curriculum/JS/Sebas-Testing/to_do_list_with_webpack/src/addandremove.js">
      <metrics statements="25" coveredstatements="17" conditionals="2" coveredconditionals="0" methods="4" coveredmethods="3"/>
      <line num="4" count="5" type="stmt"/>
      <line num="5" count="5" type="stmt"/>
      <line num="6" count="5" type="stmt"/>
      <line num="11" count="5" type="stmt"/>
      <line num="12" count="5" type="stmt"/>
      <line num="13" count="5" type="stmt"/>
      <line num="14" count="5" type="stmt"/>
      <line num="18" count="5" type="stmt"/>
      <line num="20" count="5" type="stmt"/>
      <line num="21" count="5" type="stmt"/>
      <line num="23" count="5" type="stmt"/>
      <line num="24" count="5" type="stmt"/>
      <line num="28" count="0" type="stmt"/>
      <line num="30" count="0" type="stmt"/>
      <line num="31" count="0" type="cond" truecount="0" falsecount="2"/>
      <line num="32" count="0" type="stmt"/>
      <line num="36" count="0" type="stmt"/>
      <line num="37" count="0" type="stmt"/>
      <line num="40" count="0" type="stmt"/>
      <line num="41" count="0" type="stmt"/>
      <line num="45" count="1" type="stmt"/>
      <line num="46" count="1" type="stmt"/>
      <line num="47" count="1" type="stmt"/>
      <line num="48" count="1" type="stmt"/>
      <line num="49" count="1" type="stmt"/>
    </file>
    <file name="liststructure.js" path="/Users/arturoalvarez/Documents/Microverse/Main Curriculum/JS/Sebas-Testing/to_do_list_with_webpack/src/liststructure.js">
      <metrics statements="12" coveredstatements="1" conditionals="2" coveredconditionals="0" methods="3" coveredmethods="0"/>
      <line num="1" count="1" type="stmt"/>
      <line num="4" count="0" type="stmt"/>
      <line num="8" count="0" type="stmt"/>
      <line num="9" count="0" type="stmt"/>
      <line num="10" count="0" type="stmt"/>
      <line num="11" count="0" type="stmt"/>
      <line num="16" count="0" type="stmt"/>
      <line num="17" count="0" type="stmt"/>
      <line num="19" count="0" type="cond" truecount="0" falsecount="2"/>
      <line num="20" count="0" type="stmt"/>
      <line num="22" count="0" type="stmt"/>
      <line num="26" count="0" type="stmt"/>
    </file>
  </project>
</coverage>
