TN:
SF:src/addandremove.js
FN:3,AddList
FN:17,RemoveTask
FN:27,ClearList
FN:44,EditTask
FNF:4
FNH:4
FNDA:5,AddList
FNDA:5,RemoveTask
FNDA:1,ClearList
FNDA:1,EditTask
DA:4,5
DA:5,5
DA:6,5
DA:11,5
DA:12,5
DA:13,5
DA:14,5
DA:18,5
DA:20,5
DA:21,5
DA:23,5
DA:24,5
DA:28,1
DA:30,1
DA:31,3
DA:32,2
DA:36,1
DA:37,1
DA:40,1
DA:41,1
DA:45,1
DA:46,1
LF:22
LH:22
BRDA:31,0,0,2
BRDA:31,0,1,1
BRF:2
BRH:2
end_of_record
TN:
SF:src/draganddrop.js
FN:4,DragEndHandler
FN:11,(anonymous_1)
FN:16,DragDropList
FN:21,(anonymous_3)
FN:22,(anonymous_4)
FN:26,(anonymous_5)
FN:29,(anonymous_6)
FN:34,(anonymous_7)
FNF:8
FNH:2
FNDA:1,DragEndHandler
FNDA:3,(anonymous_1)
FNDA:0,DragDropList
FNDA:0,(anonymous_3)
FNDA:0,(anonymous_4)
FNDA:0,(anonymous_5)
FNDA:0,(anonymous_6)
FNDA:0,(anonymous_7)
DA:5,1
DA:7,1
DA:8,1
DA:9,1
DA:11,3
DA:12,1
DA:13,1
DA:17,0
DA:18,0
DA:19,0
DA:21,0
DA:22,0
DA:23,0
DA:24,0
DA:26,0
DA:27,0
DA:29,0
DA:30,0
DA:31,0
DA:32,0
DA:34,0
LF:21
LH:7
BRDA:7,0,0,1
BRDA:7,0,1,0
BRF:2
BRH:1
end_of_record
TN:
SF:src/liststructure.js
FN:3,StoreList
FN:7,PopulateList
FN:9,(anonymous_2)
FNF:3
FNH:0
FNDA:0,StoreList
FNDA:0,PopulateList
FNDA:0,(anonymous_2)
DA:1,3
DA:4,0
DA:8,0
DA:9,0
DA:10,0
DA:11,0
DA:16,0
DA:17,0
DA:19,0
DA:20,0
DA:22,0
DA:26,0
LF:12
LH:1
BRDA:19,0,0,0
BRDA:19,0,1,0
BRF:2
BRH:0
end_of_record
TN:
SF:src/statusupdate.js
FN:3,UpdateStatus
FNF:1
FNH:1
FNDA:1,UpdateStatus
DA:4,1
DA:6,1
DA:7,1
LF:3
LH:3
BRF:0
BRH:0
end_of_record
