TN:
SF:src/draganddrop.js
FN:4,DragEndHandler
FN:14,(anonymous_1)
FN:19,DragDropList
FN:27,(anonymous_3)
FN:28,(anonymous_4)
FN:32,(anonymous_5)
FN:35,(anonymous_6)
FN:40,(anonymous_7)
FNF:8
FNH:2
FNDA:1,DragEndHandler
FNDA:3,(anonymous_1)
FNDA:0,DragDropList
FNDA:0,(anonymous_3)
FNDA:0,(anonymous_4)
FNDA:0,(anonymous_5)
FNDA:0,(anonymous_6)
FNDA:0,(anonymous_7)
DA:5,1
DA:6,1
DA:8,1
DA:10,1
DA:11,1
DA:12,1
DA:14,3
DA:15,1
DA:16,1
DA:21,0
DA:22,0
DA:23,0
DA:27,0
DA:28,0
DA:29,0
DA:30,0
DA:32,0
DA:33,0
DA:35,0
DA:36,0
DA:37,0
DA:38,0
DA:40,0
LF:23
LH:9
BRDA:10,0,0,1
BRDA:10,0,1,0
BRF:2
BRH:1
end_of_record
TN:
SF:src/liststructure.js
FN:3,StoreList
FN:7,PopulateList
FN:9,(anonymous_2)
FNF:3
FNH:0
FNDA:0,StoreList
FNDA:0,PopulateList
FNDA:0,(anonymous_2)
DA:1,3
DA:4,0
DA:8,0
DA:9,0
DA:10,0
DA:11,0
DA:16,0
DA:17,0
DA:19,0
DA:20,0
DA:22,0
DA:26,0
LF:12
LH:1
BRDA:19,0,0,0
BRDA:19,0,1,0
BRF:2
BRH:0
end_of_record
